  GLTexture.cpp
  Model_3DS.cpp
C:\Users\andre\OneDrive\Desktop\Andrew\_GUC\Projects\Sem7\Graphics\Milestone3\InfiniteRunnerGame\GLTexture.cpp(61,16): warning C4996: '_strlwr': This function or variable may be unsafe. Consider using _strlwr_s instead. To disable deprecation, use _CRT_SECURE_NO_WARNINGS. See online help for details.
C:\Users\andre\OneDrive\Desktop\Andrew\_GUC\Projects\Sem7\Graphics\Milestone3\InfiniteRunnerGame\GLTexture.cpp(65,17): warning C4996: 'strtok': This function or variable may be unsafe. Consider using strtok_s instead. To disable deprecation, use _CRT_SECURE_NO_WARNINGS. See online help for details.
C:\Users\andre\OneDrive\Desktop\Andrew\_GUC\Projects\Sem7\Graphics\Milestone3\InfiniteRunnerGame\GLTexture.cpp(77,16): warning C4996: '_strlwr': This function or variable may be unsafe. Consider using _strlwr_s instead. To disable deprecation, use _CRT_SECURE_NO_WARNINGS. See online help for details.
C:\Users\andre\OneDrive\Desktop\Andrew\_GUC\Projects\Sem7\Graphics\Milestone3\InfiniteRunnerGame\GLTexture.cpp(146,15): warning C4996: 'fopen': This function or variable may be unsafe. Consider using fopen_s instead. To disable deprecation, use _CRT_SECURE_NO_WARNINGS. See online help for details.
  C:\Users\andre\OneDrive\Desktop\Andrew\_GUC\Projects\Sem7\Graphics\Milestone3\InfiniteRunnerGame\Model_3DS.cpp(78) : You need to uncomment this if you are using MFC
C:\Users\andre\OneDrive\Desktop\Andrew\_GUC\Projects\Sem7\Graphics\Milestone3\InfiniteRunnerGame\Model_3DS.cpp(182,10): warning C4996: 'strtok': This function or variable may be unsafe. Consider using strtok_s instead. To disable deprecation, use _CRT_SECURE_NO_WARNINGS. See online help for details.
C:\Users\andre\OneDrive\Desktop\Andrew\_GUC\Projects\Sem7\Graphics\Milestone3\InfiniteRunnerGame\Model_3DS.cpp(212,11): warning C4996: 'fopen': This function or variable may be unsafe. Consider using fopen_s instead. To disable deprecation, use _CRT_SECURE_NO_WARNINGS. See online help for details.
C:\Users\andre\OneDrive\Desktop\Andrew\_GUC\Projects\Sem7\Graphics\Milestone3\InfiniteRunnerGame\Model_3DS.cpp(764,2): warning C4996: 'sprintf': This function or variable may be unsafe. Consider using sprintf_s instead. To disable deprecation, use _CRT_SECURE_NO_WARNINGS. See online help for details.
  OpenGLMeshLoader19.cpp
C:\Users\andre\OneDrive\Desktop\Andrew\_GUC\Projects\Sem7\Graphics\Milestone3\InfiniteRunnerGame\TextureBuilder.h(27,52): warning C4244: 'argument': conversion from 'int' to 'GLfloat', possible loss of data
  (compiling source file 'OpenGLMeshLoader19.cpp')
  
C:\Users\andre\OneDrive\Desktop\Andrew\_GUC\Projects\Sem7\Graphics\Milestone3\InfiniteRunnerGame\TextureBuilder.h(28,52): warning C4244: 'argument': conversion from 'int' to 'GLfloat', possible loss of data
  (compiling source file 'OpenGLMeshLoader19.cpp')
  
C:\Users\andre\OneDrive\Desktop\Andrew\_GUC\Projects\Sem7\Graphics\Milestone3\InfiniteRunnerGame\OpenGLMeshLoader19.cpp(232,34): warning C4838: conversion from 'int' to 'GLfloat' requires a narrowing conversion
C:\Users\andre\OneDrive\Desktop\Andrew\_GUC\Projects\Sem7\Graphics\Milestone3\InfiniteRunnerGame\OpenGLMeshLoader19.cpp(232,48): warning C4838: conversion from 'int' to 'GLfloat' requires a narrowing conversion
C:\Users\andre\OneDrive\Desktop\Andrew\_GUC\Projects\Sem7\Graphics\Milestone3\InfiniteRunnerGame\OpenGLMeshLoader19.cpp(507,2): warning C4996: 'sprintf': This function or variable may be unsafe. Consider using sprintf_s instead. To disable deprecation, use _CRT_SECURE_NO_WARNINGS. See online help for details.
C:\Users\andre\OneDrive\Desktop\Andrew\_GUC\Projects\Sem7\Graphics\Milestone3\InfiniteRunnerGame\OpenGLMeshLoader19.cpp(512,2): warning C4996: 'sprintf': This function or variable may be unsafe. Consider using sprintf_s instead. To disable deprecation, use _CRT_SECURE_NO_WARNINGS. See online help for details.
  Generating Code...
GLTexture.obj : warning LNK4075: ignoring '/EDITANDCONTINUE' due to '/INCREMENTAL:NO' specification
  OpenGLMeshLoader.vcxproj -> C:\Users\andre\OneDrive\Desktop\Andrew\_GUC\Projects\Sem7\Graphics\Milestone3\InfiniteRunnerGame\Debug\OpenGLMeshLoader19.exe
